Mplus VERSION 8.6 (Mac)
MUTHEN & MUTHEN
07/30/2021  10:43 AM

INPUT INSTRUCTIONS

  TITLE: ECLSK Achievement

  DATA: "../data/eclskwide.dat"

  VARIABLE:
    names = id Sex Race SES PreK District_Poverty
    Math_0 Math_0.5 Math_1 Math_1.5 Math_2
    Math_2.5 Math_3.5 Math_4.5 Math_5.5 Reading_0
    Reading_0.5 Reading_1 Reading_1.5 Reading_2
    Reading_2.5 Reading_3.5 Reading_4.5 Reading_5.5
    Science_0 Science_0.5 Science_1 Science_1.5
    Science_2 Science_2.5 Science_3.5 Science_4.5
    Science_5.5 DCCS_0 DCCS_0.5 DCCS_1 DCCS_1.5
    DCCS_2 DCCS_2.5 DCCS_3.5 DCCS_4.5 DCCS_5.5
    Numbers_Reversed_0 Numbers_Reversed_0.5
    Numbers_Reversed_1 Numbers_Reversed_1.5
    Numbers_Reversed_2 Numbers_Reversed_2.5
    Numbers_Reversed_3.5 Numbers_Reversed_4.5
    Numbers_Reversed_5.5 Numbers_Reversed_(W-ability)_0
    Numbers_Reversed_(W-ability)_0.5
    Numbers_Reversed_(W-ability)_1
    Numbers_Reversed_(W-ability)_1.5
    Numbers_Reversed_(W-ability)_2
    Numbers_Reversed_(W-ability)_2.5
    Numbers_Reversed_(W-ability)_3.5
    Numbers_Reversed_(W-ability)_4.5
    Numbers_Reversed_(W-ability)_5.5;

   MISSING = .;


  ANALYSIS: basic;



*** WARNING in DATA command
  Statement not terminated by a semicolon:
  "../data/eclskwide.dat"
*** ERROR in DATA command
  Unknown option:
  "../data/eclskwide.dat"


MUTHEN & MUTHEN
3463 Stoner Ave.
Los Angeles, CA  90066

Tel: (310) 391-9971
Fax: (310) 391-8971
Web: www.StatModel.com
Support: Support@StatModel.com

Copyright (c) 1998-2021 Muthen & Muthen
